<?xml version="1.0" encoding="UTF-8"?>
<testsuite xmlns:xsi="http://www.w3.org/2001/XMLSchema-instance" xsi:noNamespaceSchemaLocation="https://maven.apache.org/surefire/maven-surefire-plugin/xsd/surefire-test-report-3.0.xsd" version="3.0" name="project.shared.validation.RequestValidatorTest" time="0.018" tests="8" errors="0" skipped="0" failures="0">
  <properties>
[...]
</properties>
  <testcase name="validPasswordPasses" classname="project.shared.validation.RequestValidatorTest" time="0.002"/>
  <testcase name="invalidEmailFails" classname="project.shared.validation.RequestValidatorTest" time="0.002"/>
  <testcase name="invalidCoordinateFails" classname="project.shared.validation.RequestValidatorTest" time="0.002"/>
  <testcase name="invalidRequestWithNewLineFails" classname="project.shared.validation.RequestValidatorTest" time="0"/>
  <testcase name="validRequestPasses" classname="project.shared.validation.RequestValidatorTest" time="0.001"/>
  <testcase name="validEmailPasses" classname="project.shared.validation.RequestValidatorTest" time="0.001"/>
  <testcase name="invalidPasswordFailsWhenRequirementsAreMissing" classname="project.shared.validation.RequestValidatorTest" time="0.002"/>
  <testcase name="validCoordinatePasses" classname="project.shared.validation.RequestValidatorTest" time="0.001"/>
</testsuite>